2026-02-08 09:24:38.414 | INFO     | __main__:initialize:663 - 🧠 Initializing NEXT LEVEL BRAIN Live Trading System...
2026-02-08 09:24:38.460 | INFO     | __main__:connect:449 - Connected to MT5 - Balance: $475.71
2026-02-08 09:24:38.462 | INFO     | __main__:initialize:674 - Account Balance: $475.71
2026-02-08 09:24:38.463 | INFO     | __main__:initialize:676 - ✅ System initialized successfully
2026-02-08 09:24:38.464 | INFO     | __main__:run:812 - 🚀 Starting live trading...
2026-02-08 09:24:39.824 | WARNING  | __main__:monitor_positions:771 - ⚠️ Position BTCUSDm in loss: $-101.84
2026-02-08 09:26:44.825 | WARNING  | __main__:monitor_positions:771 - ⚠️ Position BTCUSDm in loss: $-105.45
2026-02-08 09:27:16.065 | WARNING  | __main__:monitor_positions:771 - ⚠️ Position BTCUSDm in loss: $-111.19
2026-02-08 09:27:47.310 | WARNING  | __main__:monitor_positions:771 - ⚠️ Position BTCUSDm in loss: $-111.24
2026-02-08 09:28:18.536 | WARNING  | __main__:monitor_positions:771 - ⚠️ Position BTCUSDm in loss: $-102.17
2026-02-08 09:28:49.766 | WARNING  | __main__:monitor_positions:771 - ⚠️ Position BTCUSDm in loss: $-123.37
2026-02-08 09:29:21.028 | WARNING  | __main__:monitor_positions:771 - ⚠️ Position BTCUSDm in loss: $-126.44
2026-02-08 09:29:52.258 | WARNING  | __main__:monitor_positions:771 - ⚠️ Position BTCUSDm in loss: $-133.12
2026-02-08 09:30:23.494 | WARNING  | __main__:monitor_positions:771 - ⚠️ Position BTCUSDm in loss: $-125.87
2026-02-08 09:30:54.725 | WARNING  | __main__:monitor_positions:771 - ⚠️ Position BTCUSDm in loss: $-110.83
2026-02-08 09:31:25.969 | WARNING  | __main__:monitor_positions:771 - ⚠️ Position BTCUSDm in loss: $-103.02
2026-02-08 09:31:57.206 | WARNING  | __main__:monitor_positions:771 - ⚠️ Position BTCUSDm in loss: $-116.20
2026-02-08 09:32:28.426 | WARNING  | __main__:monitor_positions:771 - ⚠️ Position BTCUSDm in loss: $-111.22
2026-02-08 09:32:59.656 | WARNING  | __main__:monitor_positions:771 - ⚠️ Position BTCUSDm in loss: $-120.53
2026-02-08 09:33:30.887 | WARNING  | __main__:monitor_positions:771 - ⚠️ Position BTCUSDm in loss: $-122.64
2026-02-08 09:34:02.117 | WARNING  | __main__:monitor_positions:771 - ⚠️ Position BTCUSDm in loss: $-133.91
2026-02-08 09:34:33.405 | WARNING  | __main__:monitor_positions:771 - ⚠️ Position BTCUSDm in loss: $-130.53
2026-02-08 09:35:04.628 | WARNING  | __main__:monitor_positions:771 - ⚠️ Position BTCUSDm in loss: $-144.84
2026-02-08 09:35:35.874 | WARNING  | __main__:monitor_positions:771 - ⚠️ Position BTCUSDm in loss: $-135.48
2026-02-08 09:36:07.125 | WARNING  | __main__:monitor_positions:771 - ⚠️ Position BTCUSDm in loss: $-147.23
2026-02-08 09:36:38.358 | WARNING  | __main__:monitor_positions:771 - ⚠️ Position BTCUSDm in loss: $-169.37
2026-02-08 09:37:09.604 | WARNING  | __main__:monitor_positions:771 - ⚠️ Position BTCUSDm in loss: $-157.15
2026-02-08 09:37:40.839 | WARNING  | __main__:monitor_positions:771 - ⚠️ Position BTCUSDm in loss: $-145.15
2026-02-08 09:38:12.102 | WARNING  | __main__:monitor_positions:771 - ⚠️ Position BTCUSDm in loss: $-125.58
2026-02-08 09:38:43.340 | WARNING  | __main__:monitor_positions:771 - ⚠️ Position BTCUSDm in loss: $-127.96
2026-02-08 09:39:14.569 | WARNING  | __main__:monitor_positions:771 - ⚠️ Position BTCUSDm in loss: $-119.65
2026-02-08 09:39:45.857 | WARNING  | __main__:monitor_positions:771 - ⚠️ Position BTCUSDm in loss: $-121.95
2026-02-08 09:40:17.084 | WARNING  | __main__:monitor_positions:771 - ⚠️ Position BTCUSDm in loss: $-125.39
2026-02-08 09:40:48.332 | WARNING  | __main__:monitor_positions:771 - ⚠️ Position BTCUSDm in loss: $-126.10
2026-02-08 09:41:19.641 | WARNING  | __main__:monitor_positions:771 - ⚠️ Position BTCUSDm in loss: $-121.69
2026-02-08 09:41:50.878 | WARNING  | __main__:monitor_positions:771 - ⚠️ Position BTCUSDm in loss: $-123.16
2026-02-08 09:42:22.101 | WARNING  | __main__:monitor_positions:771 - ⚠️ Position BTCUSDm in loss: $-114.94
2026-02-08 09:42:53.426 | WARNING  | __main__:monitor_positions:771 - ⚠️ Position BTCUSDm in loss: $-121.03
2026-02-08 09:43:24.804 | WARNING  | __main__:monitor_positions:771 - ⚠️ Position BTCUSDm in loss: $-126.28
2026-02-08 09:43:56.476 | WARNING  | __main__:monitor_positions:771 - ⚠️ Position BTCUSDm in loss: $-131.95
2026-02-08 09:44:27.711 | WARNING  | __main__:monitor_positions:771 - ⚠️ Position BTCUSDm in loss: $-139.18
2026-02-08 09:44:59.082 | WARNING  | __main__:monitor_positions:771 - ⚠️ Position BTCUSDm in loss: $-130.90
2026-02-08 09:45:30.346 | WARNING  | __main__:monitor_positions:771 - ⚠️ Position BTCUSDm in loss: $-145.21
2026-02-08 09:46:01.563 | WARNING  | __main__:monitor_positions:771 - ⚠️ Position BTCUSDm in loss: $-143.95
2026-02-08 09:46:32.791 | WARNING  | __main__:monitor_positions:771 - ⚠️ Position BTCUSDm in loss: $-146.05
2026-02-08 09:47:04.968 | WARNING  | __main__:monitor_positions:771 - ⚠️ Position BTCUSDm in loss: $-139.38
2026-02-08 09:47:36.251 | WARNING  | __main__:monitor_positions:771 - ⚠️ Position BTCUSDm in loss: $-143.26
2026-02-08 09:48:07.852 | WARNING  | __main__:monitor_positions:771 - ⚠️ Position BTCUSDm in loss: $-141.88
2026-02-08 09:48:39.088 | WARNING  | __main__:monitor_positions:771 - ⚠️ Position BTCUSDm in loss: $-137.18
2026-02-08 09:49:10.312 | WARNING  | __main__:monitor_positions:771 - ⚠️ Position BTCUSDm in loss: $-129.96
2026-02-08 09:49:41.524 | WARNING  | __main__:monitor_positions:771 - ⚠️ Position BTCUSDm in loss: $-123.47
2026-02-08 09:50:12.980 | WARNING  | __main__:monitor_positions:771 - ⚠️ Position BTCUSDm in loss: $-117.76
2026-02-08 09:50:44.202 | WARNING  | __main__:monitor_positions:771 - ⚠️ Position BTCUSDm in loss: $-124.34
2026-02-08 09:51:15.451 | WARNING  | __main__:monitor_positions:771 - ⚠️ Position BTCUSDm in loss: $-127.11
2026-02-08 09:51:46.664 | WARNING  | __main__:monitor_positions:771 - ⚠️ Position BTCUSDm in loss: $-121.07
2026-02-08 09:52:17.896 | WARNING  | __main__:monitor_positions:771 - ⚠️ Position BTCUSDm in loss: $-117.73
2026-02-08 09:52:49.117 | WARNING  | __main__:monitor_positions:771 - ⚠️ Position BTCUSDm in loss: $-113.70
2026-02-08 09:53:20.323 | WARNING  | __main__:monitor_positions:771 - ⚠️ Position BTCUSDm in loss: $-113.54
2026-02-08 09:53:51.563 | WARNING  | __main__:monitor_positions:771 - ⚠️ Position BTCUSDm in loss: $-107.19
2026-02-08 09:54:22.777 | WARNING  | __main__:monitor_positions:771 - ⚠️ Position BTCUSDm in loss: $-105.64
2026-02-08 09:54:54.004 | WARNING  | __main__:monitor_positions:771 - ⚠️ Position BTCUSDm in loss: $-109.36
2026-02-08 09:55:25.349 | WARNING  | __main__:monitor_positions:771 - ⚠️ Position BTCUSDm in loss: $-101.90
2026-02-08 09:55:56.560 | WARNING  | __main__:monitor_positions:771 - ⚠️ Position BTCUSDm in loss: $-106.70
2026-02-08 09:56:58.992 | WARNING  | __main__:monitor_positions:771 - ⚠️ Position BTCUSDm in loss: $-100.40
2026-02-08 09:57:30.206 | WARNING  | __main__:monitor_positions:771 - ⚠️ Position BTCUSDm in loss: $-109.10
2026-02-08 09:58:01.425 | WARNING  | __main__:monitor_positions:771 - ⚠️ Position BTCUSDm in loss: $-115.69
2026-02-08 09:58:32.623 | WARNING  | __main__:monitor_positions:771 - ⚠️ Position BTCUSDm in loss: $-122.26
2026-02-08 09:59:03.837 | WARNING  | __main__:monitor_positions:771 - ⚠️ Position BTCUSDm in loss: $-107.16
2026-02-08 09:59:35.054 | WARNING  | __main__:monitor_positions:771 - ⚠️ Position BTCUSDm in loss: $-100.78
2026-02-08 10:04:40.563 | INFO     | __main__:shutdown:851 - 🛑 Shutting down trading system...
2026-02-08 10:04:40.577 | INFO     | __main__:shutdown:856 - ✅ Shutdown completed
2026-02-08 10:04:40.615 | INFO     | __main__:main:925 - Application interrupted by user
